<?xml version="1.0" encoding="UTF-8"?>
<testsuite failures="1" errors="0" skipped="0" tests="8" time="75.291957" name="As an NGU,">
<testcase classname="As an NGU," name="Display error message when existing licences Full or Provisional status have expiry date in past (outline example : | roopa | trainer | 04/04/2016 |)" time="15.247841">
  <system-out>
    <![CDATA[]]>
  </system-out>
  <system-err>
    <![CDATA[]]>
  </system-err>
</testcase>
<testcase classname="As an NGU," name="Verify the license status options" time="6.322206">
  <system-out>
    <![CDATA[]]>
  </system-out>
  <system-err>
    <![CDATA[]]>
  </system-err>
</testcase>
<testcase classname="As an NGU," name="Verify Expiry date for 'Expired' and 'Suspended' status (outline example : | roopa | trainer | Expired | 17/04/2017 |)" time="16.495347">
  <failure message="failed Verify Expiry date for 'Expired' and 'Suspended' status (outline example : | roopa | trainer | Expired | 17/04/2017 |)" type="failed">
    <![CDATA[Scenario Outline: Verify Expiry date for 'Expired' and 'Suspended' status

Example row: | roopa | trainer | Expired | 17/04/2017 |

Message:
]]>
    <![CDATA[Timed out waiting for waiting for first name and last name (10 seconds elapsed) (WaitUtil::TimeoutError)
./features/step_definitions/edit_or_update_trainer_record.steps.rb:16:in `/^I should see searched "([^"]*)" and "([^"]*)" trainer details$/'
features/trainers/Edit_OR_Update_Trainer_Record.feature:45:in `Then I should see searched "roopa" and "trainer" trainer details'
features/trainers/Edit_OR_Update_Trainer_Record.feature:39:in `Then I should see searched "<trainer first name>" and "<trainer last name>" trainer details']]>
  </failure>
  <system-out>
    <![CDATA[]]>
  </system-out>
  <system-err>
    <![CDATA[]]>
  </system-err>
</testcase>
<testcase classname="As an NGU," name="Verify Expiry date for 'Expired' and 'Suspended' status (outline example : | roopa | trainer | Suspended | 17/04/2017 |)" time="7.793574">
  <system-out>
    <![CDATA[]]>
  </system-out>
  <system-err>
    <![CDATA[]]>
  </system-err>
</testcase>
<testcase classname="As an NGU," name="Verify Expiry date for 'Full' status (outline example : | roopa | trainer | 17/04/2017 |)" time="6.453673">
  <system-out>
    <![CDATA[]]>
  </system-out>
  <system-err>
    <![CDATA[]]>
  </system-err>
</testcase>
<testcase classname="As an NGU," name="Verify Expiry date for 'Provisional' status (outline example : | roopa | trainer | Provisional/Conditional | 22/04/2017 |)" time="6.465794">
  <system-out>
    <![CDATA[]]>
  </system-out>
  <system-err>
    <![CDATA[]]>
  </system-err>
</testcase>
<testcase classname="As an NGU," name="Verify warning-message when expiry date more than 730 days (outline example : | roopa | trainer | 26/04/2019 |)" time="8.173516">
  <system-out>
    <![CDATA[]]>
  </system-out>
  <system-err>
    <![CDATA[]]>
  </system-err>
</testcase>
<testcase classname="As an NGU," name="Verify the 'updated message' after few changes (outline example : | roopa | trainer | HA9 7lm |)" time="8.340006">
  <system-out>
    <![CDATA[]]>
  </system-out>
  <system-err>
    <![CDATA[]]>
  </system-err>
</testcase>
</testsuite>
